undefined
error: insert into "cal"."event_types" ("name") values ($1) returning "event_type_id" - null value in column "event_type_id" violates not-null constraint
    at Connection.parseE (C:\Code\nodejs\outpatient\outpatient-service\node_modules\pg\lib\connection.js:567:11)
    at Connection.parseMessage (C:\Code\nodejs\outpatient\outpatient-service\node_modules\pg\lib\connection.js:391:17)
    at Socket.<anonymous> (C:\Code\nodejs\outpatient\outpatient-service\node_modules\pg\lib\connection.js:129:22)
    at emitOne (events.js:96:13)
    at Socket.emit (events.js:188:7)
    at readableAddChunk (_stream_readable.js:176:18)
    at Socket.Readable.push (_stream_readable.js:134:10)
    at TCP.onread (net.js:548:20)
error: insert into "cal"."event_types" ("name") values ($1) returning "event_type_id" - null value in column "event_type_id" violates not-null constraint
    at Connection.parseE (C:\Code\nodejs\outpatient\outpatient-service\node_modules\pg\lib\connection.js:567:11)
    at Connection.parseMessage (C:\Code\nodejs\outpatient\outpatient-service\node_modules\pg\lib\connection.js:391:17)
    at Socket.<anonymous> (C:\Code\nodejs\outpatient\outpatient-service\node_modules\pg\lib\connection.js:129:22)
    at emitOne (events.js:96:13)
    at Socket.emit (events.js:188:7)
    at readableAddChunk (_stream_readable.js:176:18)
    at Socket.Readable.push (_stream_readable.js:134:10)
    at TCP.onread (net.js:548:20)
undefined
error: insert into "cal"."event_types" ("name") values ($1) returning "event_type_id" - null value in column "event_type_id" violates not-null constraint
    at Connection.parseE (C:\Code\nodejs\outpatient\outpatient-service\node_modules\pg\lib\connection.js:567:11)
    at Connection.parseMessage (C:\Code\nodejs\outpatient\outpatient-service\node_modules\pg\lib\connection.js:391:17)
    at Socket.<anonymous> (C:\Code\nodejs\outpatient\outpatient-service\node_modules\pg\lib\connection.js:129:22)
    at emitOne (events.js:96:13)
    at Socket.emit (events.js:188:7)
    at readableAddChunk (_stream_readable.js:176:18)
    at Socket.Readable.push (_stream_readable.js:134:10)
    at TCP.onread (net.js:548:20)
error: insert into "cal"."event_types" ("name") values ($1) returning "event_type_id" - null value in column "event_type_id" violates not-null constraint
    at Connection.parseE (C:\Code\nodejs\outpatient\outpatient-service\node_modules\pg\lib\connection.js:567:11)
    at Connection.parseMessage (C:\Code\nodejs\outpatient\outpatient-service\node_modules\pg\lib\connection.js:391:17)
    at Socket.<anonymous> (C:\Code\nodejs\outpatient\outpatient-service\node_modules\pg\lib\connection.js:129:22)
    at emitOne (events.js:96:13)
    at Socket.emit (events.js:188:7)
    at readableAddChunk (_stream_readable.js:176:18)
    at Socket.Readable.push (_stream_readable.js:134:10)
    at TCP.onread (net.js:548:20)
